<?xml version="1.0" encoding="UTF-8"?>
<!-- Generated by org.testng.reporters.JUnitXMLReporter -->
<testsuite ignored="0" hostname="LTIN188363" failures="0" tests="12" name="chromeTest" time="151.77" errors="0" timestamp="2024-03-06T11:09:49 IST">
  <testcase classname="Main_TestNG.emiCalc_TestNG" name="testLogo" time="2.25"/>
  <testcase classname="Main_TestNG.emiCalc_TestNG" name="car_Loan" time="0.179"/>
  <testcase classname="Main_TestNG.emiCalc_TestNG" name="Car_Loan" time="2.358"/>
  <testcase classname="Main_TestNG.emiCalc_TestNG" name="EMI_Calculation" time="0.125"/>
  <testcase classname="Main_TestNG.emiCalc_TestNG" name="home_Loan" time="28.531"/>
  <testcase classname="Main_TestNG.emiCalc_TestNG" name="Home_page" time="13.078"/>
  <testcase classname="Main_TestNG.emiCalc_TestNG" name="Loan_cal1" time="1.214"/>
  <testcase classname="Main_TestNG.emiCalc_TestNG" name="Emi_Calc" time="33.534"/>
  <testcase classname="Main_TestNG.emiCalc_TestNG" name="Loan_cal2" time="0.173"/>
  <testcase classname="Main_TestNG.emiCalc_TestNG" name="Calc2" time="24.032"/>
  <testcase classname="Main_TestNG.emiCalc_TestNG" name="Loan_cal3" time="0.234"/>
  <testcase classname="Main_TestNG.emiCalc_TestNG" name="Calc3" time="29.951"/>
</testsuite> <!-- chromeTest -->
