<?xml version="1.0" encoding="UTF-8"?>
<!-- Generated by org.testng.reporters.JUnitXMLReporter -->
<testsuite ignored="0" hostname="LTIN188363" failures="0" tests="12" name="edgeTest" time="124.611" errors="0" timestamp="2024-03-06T11:11:59 IST">
  <testcase classname="Main_TestNG.emiCalc_TestNG" name="testLogo" time="0.516"/>
  <testcase classname="Main_TestNG.emiCalc_TestNG" name="car_Loan" time="0.211"/>
  <testcase classname="Main_TestNG.emiCalc_TestNG" name="Car_Loan" time="2.161"/>
  <testcase classname="Main_TestNG.emiCalc_TestNG" name="EMI_Calculation" time="0.077"/>
  <testcase classname="Main_TestNG.emiCalc_TestNG" name="home_Loan" time="1.735"/>
  <testcase classname="Main_TestNG.emiCalc_TestNG" name="Home_page" time="13.527"/>
  <testcase classname="Main_TestNG.emiCalc_TestNG" name="Loan_cal1" time="0.947"/>
  <testcase classname="Main_TestNG.emiCalc_TestNG" name="Emi_Calc" time="32.891"/>
  <testcase classname="Main_TestNG.emiCalc_TestNG" name="Loan_cal2" time="0.22"/>
  <testcase classname="Main_TestNG.emiCalc_TestNG" name="Calc2" time="23.204"/>
  <testcase classname="Main_TestNG.emiCalc_TestNG" name="Loan_cal3" time="0.2"/>
  <testcase classname="Main_TestNG.emiCalc_TestNG" name="Calc3" time="31.124"/>
</testsuite> <!-- edgeTest -->
