<?xml version="1.0" encoding="UTF-8"?>
<!-- Generated by org.testng.reporters.JUnitXMLReporter -->
<testsuite ignored="0" hostname="LTIN188363" failures="0" tests="15" name="Test" time="292.168" errors="0" timestamp="2024-03-05T14:06:39 IST">
  <testcase classname="Main_TestNG.CarTestNG" name="testLogo" time="3.839"/>
  <testcase classname="Main_TestNG.CarTestNG" name="car_Loan" time="0.278"/>
  <testcase classname="Main_TestNG.CarTestNG" name="Car_Loan" time="2.76"/>
  <testcase classname="Main_TestNG.CarTestNG" name="EMI_Calculation" time="0.111"/>
  <testcase classname="Main_TestNG.CarTestNG" name="home_Loan" time="1.385"/>
  <testcase classname="Main_TestNG.CarTestNG" name="Home_page" time="19.629"/>
  <testcase classname="Main_TestNG.CarTestNG" name="Loan_cal1" time="2.295"/>
  <testcase classname="Main_TestNG.CarTestNG" name="Emi_Calc" time="37.343"/>
  <testcase classname="Main_TestNG.CarTestNG" name="Loan_cal2" time="0.295"/>
  <testcase classname="Main_TestNG.CarTestNG" name="Calc2" time="24.806"/>
  <testcase classname="Main_TestNG.CarTestNG" name="Loan_cal3" time="0.319"/>
  <testcase classname="Main_TestNG.CarTestNG" name="Calc3" time="31.452"/>
  <testcase classname="io.cucumber.testng.AbstractTestNGCucumberTests" name="runScenario" time="4.275"/>
  <testcase classname="io.cucumber.testng.AbstractTestNGCucumberTests" name="runScenario" time="24.245"/>
  <testcase classname="io.cucumber.testng.AbstractTestNGCucumberTests" name="runScenario" time="91.448"/>
</testsuite> <!-- Test -->
