<?xml version="1.0" encoding="UTF-8"?>
<!-- Generated by org.testng.reporters.JUnitXMLReporter -->
<testsuite ignored="0" hostname="LTIN188363" failures="0" tests="0" name="Test2" time="1.768" errors="0" timestamp="2024-03-05T15:46:17 IST">
  <testcase classname="io.cucumber.testng.AbstractTestNGCucumberTests" name="@BeforeClass setUpClass" time="1.699">
    <failure type="java.lang.NullPointerException" message="Cannot invoke &amp;quot;String.hashCode()&amp;quot; because &amp;quot;&amp;lt;local3&amp;gt;&amp;quot; is null">
      <![CDATA[java.lang.NullPointerException: Cannot invoke "String.hashCode()" because "<local3>" is null
at Utilities.DriverSetup.SelectDriver(DriverSetup.java:20)
at Cucumber.Steps.Hooks.before_or_after_all(Hooks.java:32)
]]>
    </failure>
  </testcase> <!-- @BeforeClass setUpClass -->
</testsuite> <!-- Test2 -->
