<?xml version="1.0" encoding="UTF-8"?>
<!-- Generated by org.testng.reporters.JUnitXMLReporter -->
<testsuite ignored="0" hostname="LTIN188363" failures="0" tests="15" name="Test1" time="460.818" errors="0" timestamp="2024-03-05T15:21:12 IST">
  <testcase classname="Main_TestNG.CarTestNG" name="testLogo" time="3.685"/>
  <testcase classname="Main_TestNG.CarTestNG" name="car_Loan" time="0.35"/>
  <testcase classname="Main_TestNG.CarTestNG" name="Car_Loan" time="3.273"/>
  <testcase classname="Main_TestNG.CarTestNG" name="EMI_Calculation" time="0.142"/>
  <testcase classname="Main_TestNG.CarTestNG" name="home_Loan" time="31.899"/>
  <testcase classname="Main_TestNG.CarTestNG" name="Home_page" time="19.658"/>
  <testcase classname="Main_TestNG.CarTestNG" name="Loan_cal1" time="8.823"/>
  <testcase classname="Main_TestNG.CarTestNG" name="Emi_Calc" time="32.524"/>
  <testcase classname="Main_TestNG.CarTestNG" name="Loan_cal2" time="0.53"/>
  <testcase classname="Main_TestNG.CarTestNG" name="Calc2" time="23.935"/>
  <testcase classname="Main_TestNG.CarTestNG" name="Loan_cal3" time="0.26"/>
  <testcase classname="Main_TestNG.CarTestNG" name="Calc3" time="31.196"/>
  <testcase classname="io.cucumber.testng.AbstractTestNGCucumberTests" name="runScenario" time="4.08"/>
  <testcase classname="io.cucumber.testng.AbstractTestNGCucumberTests" name="runScenario" time="27.195"/>
  <testcase classname="io.cucumber.testng.AbstractTestNGCucumberTests" name="runScenario" time="117.301"/>
</testsuite> <!-- Test1 -->
