<?xml version="1.0" encoding="UTF-8"?>
<!-- Generated by org.testng.reporters.JUnitXMLReporter -->
<testsuite ignored="0" hostname="LTIN188363" failures="0" tests="15" name="EdgeTest" time="624.655" errors="0" timestamp="2024-03-06T10:19:58 IST">
  <testcase classname="Main_TestNG.CarTestNG" name="testLogo" time="1.289"/>
  <testcase classname="Main_TestNG.CarTestNG" name="car_Loan" time="0.207"/>
  <testcase classname="Main_TestNG.CarTestNG" name="Car_Loan" time="2.924"/>
  <testcase classname="Main_TestNG.CarTestNG" name="EMI_Calculation" time="0.097"/>
  <testcase classname="Main_TestNG.CarTestNG" name="home_Loan" time="5.961"/>
  <testcase classname="Main_TestNG.CarTestNG" name="Home_page" time="15.62"/>
  <testcase classname="Main_TestNG.CarTestNG" name="Loan_cal1" time="2.31"/>
  <testcase classname="Main_TestNG.CarTestNG" name="Emi_Calc" time="374.121"/>
  <testcase classname="Main_TestNG.CarTestNG" name="Loan_cal2" time="0.215"/>
  <testcase classname="Main_TestNG.CarTestNG" name="Calc2" time="22.624"/>
  <testcase classname="Main_TestNG.CarTestNG" name="Loan_cal3" time="0.192"/>
  <testcase classname="Main_TestNG.CarTestNG" name="Calc3" time="29.163"/>
  <testcase classname="io.cucumber.testng.AbstractTestNGCucumberTests" name="runScenario" time="2.6"/>
  <testcase classname="io.cucumber.testng.AbstractTestNGCucumberTests" name="runScenario" time="21.827"/>
  <testcase classname="io.cucumber.testng.AbstractTestNGCucumberTests" name="runScenario" time="90.909"/>
</testsuite> <!-- EdgeTest -->
