<?xml version="1.0" encoding="UTF-8"?>
<!-- Generated by org.testng.reporters.JUnitXMLReporter -->
<testsuite ignored="0" hostname="LTIN188363" failures="0" tests="15" name="Test1" time="367.132" errors="0" timestamp="2024-03-05T14:30:28 IST">
  <testcase classname="Main_TestNG.CarTestNG" name="testLogo" time="2.897"/>
  <testcase classname="Main_TestNG.CarTestNG" name="car_Loan" time="0.158"/>
  <testcase classname="Main_TestNG.CarTestNG" name="Car_Loan" time="2.599"/>
  <testcase classname="Main_TestNG.CarTestNG" name="EMI_Calculation" time="0.157"/>
  <testcase classname="Main_TestNG.CarTestNG" name="home_Loan" time="2.913"/>
  <testcase classname="Main_TestNG.CarTestNG" name="Home_page" time="15.385"/>
  <testcase classname="Main_TestNG.CarTestNG" name="Loan_cal1" time="3.304"/>
  <testcase classname="Main_TestNG.CarTestNG" name="Emi_Calc" time="32.164"/>
  <testcase classname="Main_TestNG.CarTestNG" name="Loan_cal2" time="0.225"/>
  <testcase classname="Main_TestNG.CarTestNG" name="Calc2" time="24.176"/>
  <testcase classname="Main_TestNG.CarTestNG" name="Loan_cal3" time="0.276"/>
  <testcase classname="Main_TestNG.CarTestNG" name="Calc3" time="30.523"/>
  <testcase classname="io.cucumber.testng.AbstractTestNGCucumberTests" name="runScenario" time="4.431"/>
  <testcase classname="io.cucumber.testng.AbstractTestNGCucumberTests" name="runScenario" time="26.507"/>
  <testcase classname="io.cucumber.testng.AbstractTestNGCucumberTests" name="runScenario" time="95.513"/>
</testsuite> <!-- Test1 -->
