<?xml version="1.0" encoding="UTF-8"?>
<testng-results ignored="0" total="12" passed="12" failed="0" skipped="0">
  <reporter-output>
  </reporter-output>
  <suite started-at="2024-03-05T09:56:01 IST" name="Suite" finished-at="2024-03-05T09:58:14 IST" duration-ms="132717">
    <groups>
      <group name="SmokeTest">
        <method signature="CarTestNG.car_Loan()[pri:2, instance:Main_TestNG.CarTestNG@419c5f1a]" name="car_Loan" class="Main_TestNG.CarTestNG"/>
        <method signature="CarTestNG.home_Loan()[pri:5, instance:Main_TestNG.CarTestNG@419c5f1a]" name="home_Loan" class="Main_TestNG.CarTestNG"/>
        <method signature="CarTestNG.Loan_cal1()[pri:7, instance:Main_TestNG.CarTestNG@419c5f1a]" name="Loan_cal1" class="Main_TestNG.CarTestNG"/>
        <method signature="CarTestNG.Loan_cal2()[pri:9, instance:Main_TestNG.CarTestNG@419c5f1a]" name="Loan_cal2" class="Main_TestNG.CarTestNG"/>
        <method signature="CarTestNG.Loan_cal3()[pri:11, instance:Main_TestNG.CarTestNG@419c5f1a]" name="Loan_cal3" class="Main_TestNG.CarTestNG"/>
      </group> <!-- SmokeTest -->
      <group name="RegressionTest">
        <method signature="CarTestNG.testLogo()[pri:1, instance:Main_TestNG.CarTestNG@419c5f1a]" name="testLogo" class="Main_TestNG.CarTestNG"/>
        <method signature="CarTestNG.car_Loan()[pri:2, instance:Main_TestNG.CarTestNG@419c5f1a]" name="car_Loan" class="Main_TestNG.CarTestNG"/>
        <method signature="CarTestNG.Car_Loan()[pri:3, instance:Main_TestNG.CarTestNG@419c5f1a]" name="Car_Loan" class="Main_TestNG.CarTestNG"/>
        <method signature="CarTestNG.EMI_Calculation()[pri:4, instance:Main_TestNG.CarTestNG@419c5f1a]" name="EMI_Calculation" class="Main_TestNG.CarTestNG"/>
        <method signature="CarTestNG.home_Loan()[pri:5, instance:Main_TestNG.CarTestNG@419c5f1a]" name="home_Loan" class="Main_TestNG.CarTestNG"/>
        <method signature="CarTestNG.Home_page()[pri:6, instance:Main_TestNG.CarTestNG@419c5f1a]" name="Home_page" class="Main_TestNG.CarTestNG"/>
        <method signature="CarTestNG.Loan_cal1()[pri:7, instance:Main_TestNG.CarTestNG@419c5f1a]" name="Loan_cal1" class="Main_TestNG.CarTestNG"/>
        <method signature="CarTestNG.Emi_Calc()[pri:8, instance:Main_TestNG.CarTestNG@419c5f1a]" name="Emi_Calc" class="Main_TestNG.CarTestNG"/>
        <method signature="CarTestNG.Loan_cal2()[pri:9, instance:Main_TestNG.CarTestNG@419c5f1a]" name="Loan_cal2" class="Main_TestNG.CarTestNG"/>
        <method signature="CarTestNG.Calc2()[pri:10, instance:Main_TestNG.CarTestNG@419c5f1a]" name="Calc2" class="Main_TestNG.CarTestNG"/>
        <method signature="CarTestNG.Loan_cal3()[pri:11, instance:Main_TestNG.CarTestNG@419c5f1a]" name="Loan_cal3" class="Main_TestNG.CarTestNG"/>
        <method signature="CarTestNG.Calc3()[pri:12, instance:Main_TestNG.CarTestNG@419c5f1a]" name="Calc3" class="Main_TestNG.CarTestNG"/>
      </group> <!-- RegressionTest -->
    </groups>
    <test started-at="2024-03-05T09:56:01 IST" name="Test" finished-at="2024-03-05T09:58:14 IST" duration-ms="132717">
      <class name="Main_TestNG.CarTestNG">
        <test-method is-config="true" signature="setup()[pri:0, instance:Main_TestNG.CarTestNG@419c5f1a]" started-at="2024-03-05T09:56:02 IST" name="setup" finished-at="2024-03-05T09:56:17 IST" duration-ms="14203" status="PASS">
          <reporter-output>
          </reporter-output>
        </test-method> <!-- setup -->
        <test-method signature="testLogo()[pri:1, instance:Main_TestNG.CarTestNG@419c5f1a]" started-at="2024-03-05T09:56:17 IST" name="testLogo" finished-at="2024-03-05T09:56:19 IST" duration-ms="2164" status="PASS">
          <reporter-output>
          </reporter-output>
        </test-method> <!-- testLogo -->
        <test-method signature="car_Loan()[pri:2, instance:Main_TestNG.CarTestNG@419c5f1a]" started-at="2024-03-05T09:56:19 IST" name="car_Loan" finished-at="2024-03-05T09:56:19 IST" duration-ms="266" status="PASS">
          <reporter-output>
          </reporter-output>
        </test-method> <!-- car_Loan -->
        <test-method signature="Car_Loan()[pri:3, instance:Main_TestNG.CarTestNG@419c5f1a]" started-at="2024-03-05T09:56:20 IST" name="Car_Loan" finished-at="2024-03-05T09:56:22 IST" duration-ms="2433" status="PASS">
          <reporter-output>
          </reporter-output>
        </test-method> <!-- Car_Loan -->
        <test-method signature="EMI_Calculation()[pri:4, instance:Main_TestNG.CarTestNG@419c5f1a]" started-at="2024-03-05T09:56:23 IST" name="EMI_Calculation" finished-at="2024-03-05T09:56:23 IST" duration-ms="116" status="PASS">
          <reporter-output>
          </reporter-output>
        </test-method> <!-- EMI_Calculation -->
        <test-method signature="home_Loan()[pri:5, instance:Main_TestNG.CarTestNG@419c5f1a]" started-at="2024-03-05T09:56:23 IST" name="home_Loan" finished-at="2024-03-05T09:56:26 IST" duration-ms="2760" status="PASS">
          <reporter-output>
          </reporter-output>
        </test-method> <!-- home_Loan -->
        <test-method signature="Home_page()[pri:6, instance:Main_TestNG.CarTestNG@419c5f1a]" started-at="2024-03-05T09:56:26 IST" name="Home_page" finished-at="2024-03-05T09:56:43 IST" duration-ms="17052" status="PASS">
          <reporter-output>
          </reporter-output>
        </test-method> <!-- Home_page -->
        <test-method signature="Loan_cal1()[pri:7, instance:Main_TestNG.CarTestNG@419c5f1a]" started-at="2024-03-05T09:56:44 IST" name="Loan_cal1" finished-at="2024-03-05T09:56:45 IST" duration-ms="1733" status="PASS">
          <reporter-output>
          </reporter-output>
        </test-method> <!-- Loan_cal1 -->
        <test-method signature="Emi_Calc()[pri:8, instance:Main_TestNG.CarTestNG@419c5f1a]" started-at="2024-03-05T09:56:46 IST" name="Emi_Calc" finished-at="2024-03-05T09:57:18 IST" duration-ms="31998" status="PASS">
          <reporter-output>
          </reporter-output>
        </test-method> <!-- Emi_Calc -->
        <test-method signature="Loan_cal2()[pri:9, instance:Main_TestNG.CarTestNG@419c5f1a]" started-at="2024-03-05T09:57:18 IST" name="Loan_cal2" finished-at="2024-03-05T09:57:18 IST" duration-ms="154" status="PASS">
          <reporter-output>
          </reporter-output>
        </test-method> <!-- Loan_cal2 -->
        <test-method signature="Calc2()[pri:10, instance:Main_TestNG.CarTestNG@419c5f1a]" started-at="2024-03-05T09:57:18 IST" name="Calc2" finished-at="2024-03-05T09:57:42 IST" duration-ms="23534" status="PASS">
          <reporter-output>
          </reporter-output>
        </test-method> <!-- Calc2 -->
        <test-method signature="Loan_cal3()[pri:11, instance:Main_TestNG.CarTestNG@419c5f1a]" started-at="2024-03-05T09:57:42 IST" name="Loan_cal3" finished-at="2024-03-05T09:57:42 IST" duration-ms="195" status="PASS">
          <reporter-output>
          </reporter-output>
        </test-method> <!-- Loan_cal3 -->
        <test-method signature="Calc3()[pri:12, instance:Main_TestNG.CarTestNG@419c5f1a]" started-at="2024-03-05T09:57:43 IST" name="Calc3" finished-at="2024-03-05T09:58:13 IST" duration-ms="30687" status="PASS">
          <reporter-output>
          </reporter-output>
        </test-method> <!-- Calc3 -->
        <test-method is-config="true" signature="close_b()[pri:0, instance:Main_TestNG.CarTestNG@419c5f1a]" started-at="2024-03-05T09:58:14 IST" name="close_b" finished-at="2024-03-05T09:58:14 IST" duration-ms="448" status="PASS">
          <reporter-output>
          </reporter-output>
        </test-method> <!-- close_b -->
      </class> <!-- Main_TestNG.CarTestNG -->
    </test> <!-- Test -->
  </suite> <!-- Suite -->
</testng-results>
