<?xml version="1.0" encoding="UTF-8"?>
<testsuite name="TestSuite" time="113.099" tests="12" errors="0" skipped="0" failures="0">
  <properties>
[...]
</properties>
  <testcase name="testLogo" classname="Main_TestNG.CarTestNG" time="2.168"/>
  <testcase name="car_Loan" classname="Main_TestNG.CarTestNG" time="0.268"/>
  <testcase name="Car_Loan" classname="Main_TestNG.CarTestNG" time="2.433"/>
  <testcase name="EMI_Calculation" classname="Main_TestNG.CarTestNG" time="0.115"/>
  <testcase name="home_Loan" classname="Main_TestNG.CarTestNG" time="2.76"/>
  <testcase name="Home_page" classname="Main_TestNG.CarTestNG" time="17.052"/>
  <testcase name="Loan_cal1" classname="Main_TestNG.CarTestNG" time="1.733"/>
  <testcase name="Emi_Calc" classname="Main_TestNG.CarTestNG" time="31.999"/>
  <testcase name="Loan_cal2" classname="Main_TestNG.CarTestNG" time="0.154"/>
  <testcase name="Calc2" classname="Main_TestNG.CarTestNG" time="23.535"/>
  <testcase name="Loan_cal3" classname="Main_TestNG.CarTestNG" time="0.195"/>
  <testcase name="Calc3" classname="Main_TestNG.CarTestNG" time="30.687"/>
</testsuite>