<?xml version="1.0" encoding="UTF-8"?>
<testng-results ignored="0" total="0" passed="0" failed="0" skipped="0">
  <reporter-output>
  </reporter-output>
  <suite started-at="2024-03-05T15:46:15 IST" name="Suite" finished-at="2024-03-05T15:46:17 IST" duration-ms="1768">
    <groups>
      <group name="cucumber">
        <method signature="AbstractTestNGCucumberTests.runScenario(io.cucumber.testng.PickleWrapper,io.cucumber.testng.FeatureWrapper)[pri:0, instance:Main_TestNG.testRunners@34a3d150]" name="runScenario" class="io.cucumber.testng.AbstractTestNGCucumberTests"/>
      </group> <!-- cucumber -->
    </groups>
    <test started-at="2024-03-05T15:46:15 IST" name="Test2" finished-at="2024-03-05T15:46:17 IST" duration-ms="1768">
      <class name="Main_TestNG.testRunners">
        <test-method is-config="true" signature="setUpClass(org.testng.ITestContext)[pri:0, instance:Main_TestNG.testRunners@34a3d150]" started-at="2024-03-05T15:46:15 IST" name="setUpClass" finished-at="2024-03-05T15:46:17 IST" duration-ms="1699" status="FAIL">
          <params>
            <param index="0">
              <value>
                <![CDATA[org.testng.TestRunner@320de594]]>
              </value>
            </param>
          </params>
          <exception class="java.lang.NullPointerException">
            <message>
              <![CDATA[Cannot invoke "String.hashCode()" because "<local3>" is null]]>
            </message>
            <full-stacktrace>
              <![CDATA[java.lang.NullPointerException: Cannot invoke "String.hashCode()" because "<local3>" is null
at Utilities.DriverSetup.SelectDriver(DriverSetup.java:20)
at Cucumber.Steps.Hooks.before_or_after_all(Hooks.java:32)
]]>
            </full-stacktrace>
          </exception> <!-- java.lang.NullPointerException -->
          <reporter-output>
          </reporter-output>
        </test-method> <!-- setUpClass -->
        <test-method is-config="true" signature="tearDownClass()[pri:0, instance:Main_TestNG.testRunners@34a3d150]" started-at="2024-03-05T15:46:17 IST" name="tearDownClass" finished-at="2024-03-05T15:46:17 IST" duration-ms="1" status="PASS">
          <reporter-output>
          </reporter-output>
        </test-method> <!-- tearDownClass -->
      </class> <!-- Main_TestNG.testRunners -->
    </test> <!-- Test2 -->
  </suite> <!-- Suite -->
</testng-results>
